This file contains any messages produced by compilers while
running configure, to aid debugging if configure makes a mistake.

It was created by IML configure 1.0.3, which was
generated by GNU Autoconf 2.59.  Invocation command line was

  $ ./configure 

## --------- ##
## Platform. ##
## --------- ##

hostname = deepinxp
uname -m = i686
uname -r = 1.7.9(0.237/5/3)
uname -s = CYGWIN_NT-5.1
uname -v = 2011-03-29 10:10

/usr/bin/uname -p = unknown
/bin/uname -X     = unknown

/bin/arch              = i686
/usr/bin/arch -k       = unknown
/usr/convex/getsysinfo = unknown
hostinfo               = unknown
/bin/machine           = unknown
/usr/bin/oslevel       = unknown
/bin/universe          = unknown

PATH: /cygdrive/d/ProgramFiles/MicrosoftVisualStudio10.0/VC/bin
PATH: /cygdrive/d/ProgramFiles/MicrosoftVisualStudio10.0/Common7/IDE
PATH: /cygdrive/d/ProgramFiles/MicrosoftVisualStudio10.0/VC/bin
PATH: /cygdrive/d/ProgramFiles/MicrosoftVisualStudio10.0/Common7/Tools
PATH: /cygdrive/d/ProgramFiles/MicrosoftVisualStudio10.0/SDK/v2.0/Bin
PATH: /cygdrive/d/ProgramFiles/MicrosoftVisualStudio10.0/VC/vcpackages
PATH: /cygdrive/c/WINDOWS/Microsoft.NET/Framework/v2.0.50727
PATH: /usr/local/bin
PATH: /usr/bin
PATH: /bin
PATH: /cygdrive/d/Program Files/Microsoft Visual Studio 10.0/Common7/IDE
PATH: /cygdrive/d/Program Files/Microsoft Visual Studio 10.0/VC/BIN
PATH: /cygdrive/d/Program Files/Microsoft Visual Studio 10.0/Common7/Tools
PATH: /cygdrive/c/WINDOWS/Microsoft.NET/Framework/v4.0.30319
PATH: /cygdrive/c/WINDOWS/Microsoft.NET/Framework/v3.5
PATH: /cygdrive/d/Program Files/Microsoft Visual Studio 10.0/VC/VCPackages
PATH: /cygdrive/c/Program Files/Microsoft SDKs/Windows/v7.0A/bin/NETFX 4.0 Tools
PATH: /cygdrive/c/Program Files/Microsoft SDKs/Windows/v7.0A/bin
PATH: /cygdrive/c/WINDOWS/system32
PATH: /cygdrive/c/WINDOWS
PATH: /cygdrive/c/WINDOWS/System32/Wbem
PATH: /cygdrive/d/Program Files/CTEX/UserData/miktex/bin
PATH: /cygdrive/d/Program Files/CTEX/MiKTeX/miktex/bin
PATH: /cygdrive/d/Program Files/CTEX/CTeX/ctex/bin
PATH: /cygdrive/d/Program Files/CTEX/CTeX/cct/bin
PATH: /cygdrive/d/Program Files/CTEX/CTeX/ty/bin
PATH: /cygdrive/d/Program Files/CTEX/Ghostscript/gs9.00/bin
PATH: /cygdrive/d/Program Files/CTEX/GSview/gsview
PATH: /cygdrive/d/Program Files/CTEX/WinEdt


## ----------- ##
## Core tests. ##
## ----------- ##

configure:1592: checking for a BSD-compatible install
configure:1647: result: /usr/bin/install -c
configure:1658: checking whether build environment is sane
configure:1701: result: yes
configure:1766: checking for gawk
configure:1782: found /usr/bin/gawk
configure:1792: result: gawk
configure:1802: checking whether make sets $(MAKE)
configure:1822: result: yes
configure:2046: checking for gcc
configure:2062: found /usr/bin/gcc
configure:2072: result: gcc
configure:2316: checking for C compiler version
configure:2319: gcc --version </dev/null >&5
gcc (GCC) 4.5.3
Copyright (C) 2010 Free Software Foundation, Inc.
This is free software; see the source for copying conditions.  There is NO
warranty; not even for MERCHANTABILITY or FITNESS FOR A PARTICULAR PURPOSE.

configure:2322: $? = 0
configure:2324: gcc -v </dev/null >&5
Using built-in specs.
COLLECT_GCC=gcc
COLLECT_LTO_WRAPPER=/usr/lib/gcc/i686-pc-cygwin/4.5.3/lto-wrapper.exe
Target: i686-pc-cygwin
Configured with: /gnu/gcc/releases/respins/4.5.3-2/gcc4-4.5.3-2/src/gcc-4.5.3/configure --srcdir=/gnu/gcc/releases/respins/4.5.3-2/gcc4-4.5.3-2/src/gcc-4.5.3 --prefix=/usr --exec-prefix=/usr --bindir=/usr/bin --sbindir=/usr/sbin --libexecdir=/usr/lib --datadir=/usr/share --localstatedir=/var --sysconfdir=/etc --datarootdir=/usr/share --docdir=/usr/share/doc/gcc4 -C --datadir=/usr/share --infodir=/usr/share/info --mandir=/usr/share/man -v --with-gmp=/usr --with-mpfr=/usr --enable-bootstrap --enable-version-specific-runtime-libs --libexecdir=/usr/lib --enable-static --enable-shared --enable-shared-libgcc --disable-__cxa_atexit --with-gnu-ld --with-gnu-as --with-dwarf2 --disable-sjlj-exceptions --enable-languages=ada,c,c++,fortran,java,lto,objc,obj-c++ --enable-graphite --enable-lto --enable-java-awt=gtk --disable-symvers --enable-libjava --program-suffix=-4 --enable-libgomp --enable-libssp --enable-libada --enable-threads=posix --with-arch=i686 --with-tune=generic --enable-libgcj-sublibs CC=gcc-4 CXX=g++-4 CC_FOR_TARGET=gcc-4 CXX_FOR_TARGET=g++-4 GNATMAKE_FOR_TARGET=gnatmake GNATBIND_FOR_TARGET=gnatbind --with-ecj-jar=/usr/share/java/ecj.jar
Thread model: posix
gcc version 4.5.3 (GCC) 
configure:2327: $? = 0
configure:2329: gcc -V </dev/null >&5
gcc: '-V' option must have argument
configure:2332: $? = 1
configure:2355: checking for C compiler default output file name
configure:2358: gcc    -lm conftest.c  >&5
configure:2361: $? = 0
configure:2407: result: a.exe
configure:2412: checking whether the C compiler works
configure:2418: ./a.exe
configure:2421: $? = 0
configure:2438: result: yes
configure:2445: checking whether we are cross compiling
configure:2447: result: no
configure:2450: checking for suffix of executables
configure:2452: gcc -o conftest.exe    -lm conftest.c  >&5
configure:2455: $? = 0
configure:2480: result: .exe
configure:2486: checking for suffix of object files
configure:2507: gcc -c   conftest.c >&5
configure:2510: $? = 0
configure:2532: result: o
configure:2536: checking whether we are using the GNU C compiler
configure:2560: gcc -c   conftest.c >&5
configure:2566: $? = 0
configure:2569: test -z 			 || test ! -s conftest.err
configure:2572: $? = 0
configure:2575: test -s conftest.o
configure:2578: $? = 0
configure:2591: result: yes
configure:2597: checking whether gcc accepts -g
configure:2618: gcc -c -g  conftest.c >&5
configure:2624: $? = 0
configure:2627: test -z 			 || test ! -s conftest.err
configure:2630: $? = 0
configure:2633: test -s conftest.o
configure:2636: $? = 0
configure:2647: result: yes
configure:2664: checking for gcc option to accept ANSI C
configure:2734: gcc  -c -g -O2  conftest.c >&5
configure:2740: $? = 0
configure:2743: test -z 			 || test ! -s conftest.err
configure:2746: $? = 0
configure:2749: test -s conftest.o
configure:2752: $? = 0
configure:2770: result: none needed
configure:2788: gcc -c -g -O2  conftest.c >&5
conftest.c:2:9: error: expected '=', ',', ';', 'asm' or '__attribute__' before 'me'
configure:2794: $? = 1
configure: failed program was:
| #ifndef __cplusplus
|   choke me
| #endif
configure:2935: checking for style of include used by make
configure:2963: result: GNU
configure:2991: checking dependency style of gcc
configure:3081: result: gcc3
configure:3109: checking how to run the C preprocessor
configure:3144: gcc -E  conftest.c
configure:3150: $? = 0
configure:3182: gcc -E  conftest.c
conftest.c:11:28: fatal error: ac_nonexistent.h: No such file or directory
compilation terminated.
configure:3188: $? = 1
configure: failed program was:
| /* confdefs.h.  */
| 
| #define PACKAGE_NAME "IML"
| #define PACKAGE_TARNAME "iml"
| #define PACKAGE_VERSION "1.0.3"
| #define PACKAGE_STRING "IML 1.0.3"
| #define PACKAGE_BUGREPORT ""
| #define PACKAGE "iml"
| #define VERSION "1.0.3"
| /* end confdefs.h.  */
| #include <ac_nonexistent.h>
configure:3227: result: gcc -E
configure:3251: gcc -E  conftest.c
configure:3257: $? = 0
configure:3289: gcc -E  conftest.c
conftest.c:11:28: fatal error: ac_nonexistent.h: No such file or directory
compilation terminated.
configure:3295: $? = 1
configure: failed program was:
| /* confdefs.h.  */
| 
| #define PACKAGE_NAME "IML"
| #define PACKAGE_TARNAME "iml"
| #define PACKAGE_VERSION "1.0.3"
| #define PACKAGE_STRING "IML 1.0.3"
| #define PACKAGE_BUGREPORT ""
| #define PACKAGE "iml"
| #define VERSION "1.0.3"
| /* end confdefs.h.  */
| #include <ac_nonexistent.h>
configure:3339: checking for egrep
configure:3349: result: grep -E
configure:3354: checking for ANSI C header files
configure:3379: gcc -c -g -O2  conftest.c >&5
configure:3385: $? = 0
configure:3388: test -z 			 || test ! -s conftest.err
configure:3391: $? = 0
configure:3394: test -s conftest.o
configure:3397: $? = 0
configure:3486: gcc -o conftest.exe -g -O2   -lm conftest.c  >&5
conftest.c: In function 'main':
conftest.c:28:7: warning: incompatible implicit declaration of built-in function 'exit'
configure:3489: $? = 0
configure:3491: ./conftest.exe
configure:3494: $? = 0
configure:3509: result: yes
configure:3598: checking build system type
configure:3616: result: i686-pc-cygwin
configure:3624: checking host system type
configure:3638: result: i686-pc-cygwin
configure:3646: checking for a sed that does not truncate output
configure:3700: result: /usr/bin/sed
configure:3714: checking for ld used by gcc
configure:3781: result: /usr/i686-pc-cygwin/bin/ld.exe
configure:3790: checking if the linker (/usr/i686-pc-cygwin/bin/ld.exe) is GNU ld
configure:3805: result: yes
configure:3810: checking for /usr/i686-pc-cygwin/bin/ld.exe option to reload object files
configure:3817: result: -r
configure:3835: checking for BSD-compatible nm
configure:3884: result: /usr/bin/nm -B
configure:3888: checking whether ln -s works
configure:3892: result: yes
configure:3899: checking how to recognise dependent libraries
configure:4075: result: file_magic ^x86 archive import|^x86 DLL
configure:4319: checking for sys/types.h
configure:4335: gcc -c -g -O2  conftest.c >&5
configure:4341: $? = 0
configure:4344: test -z 			 || test ! -s conftest.err
configure:4347: $? = 0
configure:4350: test -s conftest.o
configure:4353: $? = 0
configure:4364: result: yes
configure:4319: checking for sys/stat.h
configure:4335: gcc -c -g -O2  conftest.c >&5
configure:4341: $? = 0
configure:4344: test -z 			 || test ! -s conftest.err
configure:4347: $? = 0
configure:4350: test -s conftest.o
configure:4353: $? = 0
configure:4364: result: yes
configure:4319: checking for stdlib.h
configure:4335: gcc -c -g -O2  conftest.c >&5
configure:4341: $? = 0
configure:4344: test -z 			 || test ! -s conftest.err
configure:4347: $? = 0
configure:4350: test -s conftest.o
configure:4353: $? = 0
configure:4364: result: yes
configure:4319: checking for string.h
configure:4335: gcc -c -g -O2  conftest.c >&5
configure:4341: $? = 0
configure:4344: test -z 			 || test ! -s conftest.err
configure:4347: $? = 0
configure:4350: test -s conftest.o
configure:4353: $? = 0
configure:4364: result: yes
configure:4319: checking for memory.h
configure:4335: gcc -c -g -O2  conftest.c >&5
configure:4341: $? = 0
configure:4344: test -z 			 || test ! -s conftest.err
configure:4347: $? = 0
configure:4350: test -s conftest.o
configure:4353: $? = 0
configure:4364: result: yes
configure:4319: checking for strings.h
configure:4335: gcc -c -g -O2  conftest.c >&5
configure:4341: $? = 0
configure:4344: test -z 			 || test ! -s conftest.err
configure:4347: $? = 0
configure:4350: test -s conftest.o
configure:4353: $? = 0
configure:4364: result: yes
configure:4319: checking for inttypes.h
configure:4335: gcc -c -g -O2  conftest.c >&5
configure:4341: $? = 0
configure:4344: test -z 			 || test ! -s conftest.err
configure:4347: $? = 0
configure:4350: test -s conftest.o
configure:4353: $? = 0
configure:4364: result: yes
configure:4319: checking for stdint.h
configure:4335: gcc -c -g -O2  conftest.c >&5
configure:4341: $? = 0
configure:4344: test -z 			 || test ! -s conftest.err
configure:4347: $? = 0
configure:4350: test -s conftest.o
configure:4353: $? = 0
configure:4364: result: yes
configure:4319: checking for unistd.h
configure:4335: gcc -c -g -O2  conftest.c >&5
configure:4341: $? = 0
configure:4344: test -z 			 || test ! -s conftest.err
configure:4347: $? = 0
configure:4350: test -s conftest.o
configure:4353: $? = 0
configure:4364: result: yes
configure:4390: checking dlfcn.h usability
configure:4402: gcc -c -g -O2  conftest.c >&5
configure:4408: $? = 0
configure:4411: test -z 			 || test ! -s conftest.err
configure:4414: $? = 0
configure:4417: test -s conftest.o
configure:4420: $? = 0
configure:4430: result: yes
configure:4434: checking dlfcn.h presence
configure:4444: gcc -E  conftest.c
configure:4450: $? = 0
configure:4470: result: yes
configure:4505: checking for dlfcn.h
configure:4512: result: yes
configure:4577: checking for g++
configure:4593: found /usr/bin/g++
configure:4603: result: g++
configure:4619: checking for C++ compiler version
configure:4622: g++ --version </dev/null >&5
g++ (GCC) 4.5.3
Copyright (C) 2010 Free Software Foundation, Inc.
This is free software; see the source for copying conditions.  There is NO
warranty; not even for MERCHANTABILITY or FITNESS FOR A PARTICULAR PURPOSE.

configure:4625: $? = 0
configure:4627: g++ -v </dev/null >&5
Using built-in specs.
COLLECT_GCC=g++
COLLECT_LTO_WRAPPER=/usr/lib/gcc/i686-pc-cygwin/4.5.3/lto-wrapper.exe
Target: i686-pc-cygwin
Configured with: /gnu/gcc/releases/respins/4.5.3-2/gcc4-4.5.3-2/src/gcc-4.5.3/configure --srcdir=/gnu/gcc/releases/respins/4.5.3-2/gcc4-4.5.3-2/src/gcc-4.5.3 --prefix=/usr --exec-prefix=/usr --bindir=/usr/bin --sbindir=/usr/sbin --libexecdir=/usr/lib --datadir=/usr/share --localstatedir=/var --sysconfdir=/etc --datarootdir=/usr/share --docdir=/usr/share/doc/gcc4 -C --datadir=/usr/share --infodir=/usr/share/info --mandir=/usr/share/man -v --with-gmp=/usr --with-mpfr=/usr --enable-bootstrap --enable-version-specific-runtime-libs --libexecdir=/usr/lib --enable-static --enable-shared --enable-shared-libgcc --disable-__cxa_atexit --with-gnu-ld --with-gnu-as --with-dwarf2 --disable-sjlj-exceptions --enable-languages=ada,c,c++,fortran,java,lto,objc,obj-c++ --enable-graphite --enable-lto --enable-java-awt=gtk --disable-symvers --enable-libjava --program-suffix=-4 --enable-libgomp --enable-libssp --enable-libada --enable-threads=posix --with-arch=i686 --with-tune=generic --enable-libgcj-sublibs CC=gcc-4 CXX=g++-4 CC_FOR_TARGET=gcc-4 CXX_FOR_TARGET=g++-4 GNATMAKE_FOR_TARGET=gnatmake GNATBIND_FOR_TARGET=gnatbind --with-ecj-jar=/usr/share/java/ecj.jar
Thread model: posix
gcc version 4.5.3 (GCC) 
configure:4630: $? = 0
configure:4632: g++ -V </dev/null >&5
g++: '-V' option must have argument
configure:4635: $? = 1
configure:4638: checking whether we are using the GNU C++ compiler
configure:4662: g++ -c   conftest.cc >&5
configure:4668: $? = 0
configure:4671: test -z 			 || test ! -s conftest.err
configure:4674: $? = 0
configure:4677: test -s conftest.o
configure:4680: $? = 0
configure:4693: result: yes
configure:4699: checking whether g++ accepts -g
configure:4720: g++ -c -g  conftest.cc >&5
configure:4726: $? = 0
configure:4729: test -z 			 || test ! -s conftest.err
configure:4732: $? = 0
configure:4735: test -s conftest.o
configure:4738: $? = 0
configure:4749: result: yes
configure:4791: g++ -c -g -O2  conftest.cc >&5
configure:4797: $? = 0
configure:4800: test -z 			 || test ! -s conftest.err
configure:4803: $? = 0
configure:4806: test -s conftest.o
configure:4809: $? = 0
configure:4835: g++ -c -g -O2  conftest.cc >&5
conftest.cc: In function 'int main()':
conftest.cc:26:9: error: 'exit' was not declared in this scope
configure:4841: $? = 1
configure: failed program was:
| /* confdefs.h.  */
| 
| #define PACKAGE_NAME "IML"
| #define PACKAGE_TARNAME "iml"
| #define PACKAGE_VERSION "1.0.3"
| #define PACKAGE_STRING "IML 1.0.3"
| #define PACKAGE_BUGREPORT ""
| #define PACKAGE "iml"
| #define VERSION "1.0.3"
| #define STDC_HEADERS 1
| #define HAVE_SYS_TYPES_H 1
| #define HAVE_SYS_STAT_H 1
| #define HAVE_STDLIB_H 1
| #define HAVE_STRING_H 1
| #define HAVE_MEMORY_H 1
| #define HAVE_STRINGS_H 1
| #define HAVE_INTTYPES_H 1
| #define HAVE_STDINT_H 1
| #define HAVE_UNISTD_H 1
| #define HAVE_DLFCN_H 1
| /* end confdefs.h.  */
| 
| int
| main ()
| {
| exit (42);
|   ;
|   return 0;
| }
configure:4791: g++ -c -g -O2  conftest.cc >&5
conftest.cc:22:40: error: 'void std::exit(int)' should have been declared inside 'std'
In file included from conftest.cc:23:0:
/usr/include/stdlib.h:80:7: error: declaration of 'void std::exit(int)' throws different exceptions
conftest.cc:22:17: error: from previous declaration 'void std::exit(int) throw ()'
configure:4797: $? = 1
configure: failed program was:
| /* confdefs.h.  */
| 
| #define PACKAGE_NAME "IML"
| #define PACKAGE_TARNAME "iml"
| #define PACKAGE_VERSION "1.0.3"
| #define PACKAGE_STRING "IML 1.0.3"
| #define PACKAGE_BUGREPORT ""
| #define PACKAGE "iml"
| #define VERSION "1.0.3"
| #define STDC_HEADERS 1
| #define HAVE_SYS_TYPES_H 1
| #define HAVE_SYS_STAT_H 1
| #define HAVE_STDLIB_H 1
| #define HAVE_STRING_H 1
| #define HAVE_MEMORY_H 1
| #define HAVE_STRINGS_H 1
| #define HAVE_INTTYPES_H 1
| #define HAVE_STDINT_H 1
| #define HAVE_UNISTD_H 1
| #define HAVE_DLFCN_H 1
| /* end confdefs.h.  */
| extern "C" void std::exit (int) throw (); using std::exit;
| #include <stdlib.h>
| int
| main ()
| {
| exit (42);
|   ;
|   return 0;
| }
configure:4791: g++ -c -g -O2  conftest.cc >&5
conftest.cc:22:31: error: 'void std::exit(int)' should have been declared inside 'std'
configure:4797: $? = 1
configure: failed program was:
| /* confdefs.h.  */
| 
| #define PACKAGE_NAME "IML"
| #define PACKAGE_TARNAME "iml"
| #define PACKAGE_VERSION "1.0.3"
| #define PACKAGE_STRING "IML 1.0.3"
| #define PACKAGE_BUGREPORT ""
| #define PACKAGE "iml"
| #define VERSION "1.0.3"
| #define STDC_HEADERS 1
| #define HAVE_SYS_TYPES_H 1
| #define HAVE_SYS_STAT_H 1
| #define HAVE_STDLIB_H 1
| #define HAVE_STRING_H 1
| #define HAVE_MEMORY_H 1
| #define HAVE_STRINGS_H 1
| #define HAVE_INTTYPES_H 1
| #define HAVE_STDINT_H 1
| #define HAVE_UNISTD_H 1
| #define HAVE_DLFCN_H 1
| /* end confdefs.h.  */
| extern "C" void std::exit (int); using std::exit;
| #include <stdlib.h>
| int
| main ()
| {
| exit (42);
|   ;
|   return 0;
| }
configure:4791: g++ -c -g -O2  conftest.cc >&5
In file included from conftest.cc:23:0:
/usr/include/stdlib.h:80:7: error: declaration of 'void exit(int)' throws different exceptions
conftest.cc:22:17: error: from previous declaration 'void exit(int) throw ()'
configure:4797: $? = 1
configure: failed program was:
| /* confdefs.h.  */
| 
| #define PACKAGE_NAME "IML"
| #define PACKAGE_TARNAME "iml"
| #define PACKAGE_VERSION "1.0.3"
| #define PACKAGE_STRING "IML 1.0.3"
| #define PACKAGE_BUGREPORT ""
| #define PACKAGE "iml"
| #define VERSION "1.0.3"
| #define STDC_HEADERS 1
| #define HAVE_SYS_TYPES_H 1
| #define HAVE_SYS_STAT_H 1
| #define HAVE_STDLIB_H 1
| #define HAVE_STRING_H 1
| #define HAVE_MEMORY_H 1
| #define HAVE_STRINGS_H 1
| #define HAVE_INTTYPES_H 1
| #define HAVE_STDINT_H 1
| #define HAVE_UNISTD_H 1
| #define HAVE_DLFCN_H 1
| /* end confdefs.h.  */
| extern "C" void exit (int) throw ();
| #include <stdlib.h>
| int
| main ()
| {
| exit (42);
|   ;
|   return 0;
| }
configure:4791: g++ -c -g -O2  conftest.cc >&5
configure:4797: $? = 0
configure:4800: test -z 			 || test ! -s conftest.err
configure:4803: $? = 0
configure:4806: test -s conftest.o
configure:4809: $? = 0
configure:4835: g++ -c -g -O2  conftest.cc >&5
configure:4841: $? = 0
configure:4844: test -z 			 || test ! -s conftest.err
configure:4847: $? = 0
configure:4850: test -s conftest.o
configure:4853: $? = 0
configure:4878: checking dependency style of g++
configure:4968: result: gcc3
configure:4995: checking how to run the C++ preprocessor
configure:5026: g++ -E  conftest.cc
configure:5032: $? = 0
configure:5064: g++ -E  conftest.cc
conftest.cc:25:28: fatal error: ac_nonexistent.h: No such file or directory
compilation terminated.
configure:5070: $? = 1
configure: failed program was:
| /* confdefs.h.  */
| 
| #define PACKAGE_NAME "IML"
| #define PACKAGE_TARNAME "iml"
| #define PACKAGE_VERSION "1.0.3"
| #define PACKAGE_STRING "IML 1.0.3"
| #define PACKAGE_BUGREPORT ""
| #define PACKAGE "iml"
| #define VERSION "1.0.3"
| #define STDC_HEADERS 1
| #define HAVE_SYS_TYPES_H 1
| #define HAVE_SYS_STAT_H 1
| #define HAVE_STDLIB_H 1
| #define HAVE_STRING_H 1
| #define HAVE_MEMORY_H 1
| #define HAVE_STRINGS_H 1
| #define HAVE_INTTYPES_H 1
| #define HAVE_STDINT_H 1
| #define HAVE_UNISTD_H 1
| #define HAVE_DLFCN_H 1
| #ifdef __cplusplus
| extern "C" void exit (int);
| #endif
| /* end confdefs.h.  */
| #include <ac_nonexistent.h>
configure:5109: result: g++ -E
configure:5133: g++ -E  conftest.cc
configure:5139: $? = 0
configure:5171: g++ -E  conftest.cc
conftest.cc:25:28: fatal error: ac_nonexistent.h: No such file or directory
compilation terminated.
configure:5177: $? = 1
configure: failed program was:
| /* confdefs.h.  */
| 
| #define PACKAGE_NAME "IML"
| #define PACKAGE_TARNAME "iml"
| #define PACKAGE_VERSION "1.0.3"
| #define PACKAGE_STRING "IML 1.0.3"
| #define PACKAGE_BUGREPORT ""
| #define PACKAGE "iml"
| #define VERSION "1.0.3"
| #define STDC_HEADERS 1
| #define HAVE_SYS_TYPES_H 1
| #define HAVE_SYS_STAT_H 1
| #define HAVE_STDLIB_H 1
| #define HAVE_STRING_H 1
| #define HAVE_MEMORY_H 1
| #define HAVE_STRINGS_H 1
| #define HAVE_INTTYPES_H 1
| #define HAVE_STDINT_H 1
| #define HAVE_UNISTD_H 1
| #define HAVE_DLFCN_H 1
| #ifdef __cplusplus
| extern "C" void exit (int);
| #endif
| /* end confdefs.h.  */
| #include <ac_nonexistent.h>
configure:5274: checking for g77
configure:5290: found /usr/bin/g77
configure:5300: result: g77
configure:5315: checking for Fortran 77 compiler version
configure:5318: g77 --version </dev/null >&5
GNU Fortran (GCC) 3.4.4 (cygming special, gdc 0.12, using dmd 0.125)
Copyright (C) 2004 Free Software Foundation, Inc.

GNU Fortran comes with NO WARRANTY, to the extent permitted by law.
You may redistribute copies of GNU Fortran
under the terms of the GNU General Public License.
For more information about these matters, see the file named COPYING
or type the command `info -f g77 Copying'.
configure:5321: $? = 0
configure:5323: g77 -v </dev/null >&5
Reading specs from /usr/lib/gcc/i686-pc-cygwin/3.4.4/specs
Configured with: /managed/gcc-build/final-v3-bootstrap/gcc-3.4.4-999/configure --verbose --program-suffix=-3 --prefix=/usr --exec-prefix=/usr --sysconfdir=/etc --libdir=/usr/lib --libexecdir=/usr/lib --mandir=/usr/share/man --infodir=/usr/share/info --enable-languages=c,ada,c++,d,f77,pascal,java,objc --enable-nls --without-included-gettext --enable-version-specific-runtime-libs --without-x --enable-libgcj --disable-java-awt --with-system-zlib --enable-interpreter --disable-libgcj-debug --enable-threads=posix --enable-java-gc=boehm --disable-win32-registry --enable-sjlj-exceptions --enable-hash-synchronization --enable-libstdcxx-debug
Thread model: posix
gcc version 3.4.4 (cygming special, gdc 0.12, using dmd 0.125)
configure:5326: $? = 0
configure:5328: g77 -V </dev/null >&5
g77: `-V' option must have argument
configure:5331: $? = 1
configure:5339: checking whether we are using the GNU Fortran 77 compiler
configure:5353: g77 -c  conftest.F >&5
configure:5359: $? = 0
configure:5362: test -z 			 || test ! -s conftest.err
configure:5365: $? = 0
configure:5368: test -s conftest.o
configure:5371: $? = 0
configure:5384: result: yes
configure:5390: checking whether g77 accepts -g
configure:5402: g77 -c -g conftest.f >&5
configure:5408: $? = 0
configure:5411: test -z 			 || test ! -s conftest.err
configure:5414: $? = 0
configure:5417: test -s conftest.o
configure:5420: $? = 0
configure:5432: result: yes
configure:5462: checking the maximum length of command line arguments
configure:5571: result: 8192
configure:5582: checking command to parse /usr/bin/nm -B output from gcc object
configure:5687: gcc -c -g -O2  conftest.c >&5
configure:5690: $? = 0
configure:5694: /usr/bin/nm -B conftest.o \| sed -n -e 's/^.*[ 	]\([ABCDGIRSTW][ABCDGIRSTW]*\)[ 	][ 	]*\([_A-Za-z][_A-Za-z0-9]*\)$/\1 \2 \2/p' \> conftest.nm
configure:5697: $? = 0
cannot find nm_test_var in conftest.nm
configure:5687: gcc -c -g -O2  conftest.c >&5
configure:5690: $? = 0
configure:5694: /usr/bin/nm -B conftest.o \| sed -n -e 's/^.*[ 	]\([ABCDGIRSTW][ABCDGIRSTW]*\)[ 	][ 	]*_\([_A-Za-z][_A-Za-z0-9]*\)$/\1 _\2 \2/p' \> conftest.nm
configure:5697: $? = 0
configure:5749: gcc -o conftest.exe -g -O2   -lm conftest.c conftstm.o >&5
configure:5752: $? = 0
configure:5790: result: ok
configure:5794: checking for objdir
configure:5809: result: .libs
configure:5899: checking for ar
configure:5915: found /usr/bin/ar
configure:5926: result: ar
configure:5979: checking for ranlib
configure:5995: found /usr/bin/ranlib
configure:6006: result: ranlib
configure:6059: checking for strip
configure:6075: found /usr/bin/strip
configure:6086: result: strip
configure:6358: checking if gcc supports -fno-rtti -fno-exceptions
configure:6376: gcc -c -g -O2  -fno-rtti -fno-exceptions conftest.c >&5
cc1: warning: command line option "-fno-rtti" is valid for C++/ObjC++ but not for C
configure:6380: $? = 0
configure:6393: result: no
configure:6408: checking for gcc option to produce PIC
configure:6618: result: 
configure:6689: checking if gcc static flag -static works
configure:6717: result: yes
configure:6727: checking if gcc supports -c -o file.o
configure:6748: gcc -c -g -O2  -o out/conftest2.o conftest.c >&5
configure:6752: $? = 0
configure:6774: result: yes
configure:6800: checking whether the gcc linker (/usr/i686-pc-cygwin/bin/ld.exe) supports shared libraries
configure:7756: result: yes
configure:7823: checking dynamic linker characteristics
configure:8432: result: Win32 ld.exe
configure:8441: checking how to hardcode library paths into programs
configure:8466: result: immediate
configure:8480: checking whether stripping libraries is possible
configure:8485: result: yes
configure:9312: checking if libtool supports shared libraries
configure:9314: result: yes
configure:9317: checking whether to build shared libraries
configure:9338: result: no
configure:9341: checking whether to build static libraries
configure:9345: result: yes
configure:9437: creating libtool
configure:10025: checking for ld used by g++
configure:10092: result: /usr/i686-pc-cygwin/bin/ld.exe
configure:10101: checking if the linker (/usr/i686-pc-cygwin/bin/ld.exe) is GNU ld
configure:10116: result: yes
configure:10167: checking whether the g++ linker (/usr/i686-pc-cygwin/bin/ld.exe) supports shared libraries
configure:11103: result: yes
configure:11121: g++ -c -g -O2  conftest.cpp >&5
configure:11124: $? = 0
configure:11243: checking for g++ option to produce PIC
configure:11517: result: 
configure:11588: checking if g++ static flag -static works
configure:11616: result: yes
configure:11626: checking if g++ supports -c -o file.o
configure:11647: g++ -c -g -O2  -o out/conftest2.o conftest.cpp >&5
configure:11651: $? = 0
configure:11673: result: yes
configure:11699: checking whether the g++ linker (/usr/i686-pc-cygwin/bin/ld.exe) supports shared libraries
configure:11724: result: yes
configure:11791: checking dynamic linker characteristics
configure:12400: result: Win32 ld.exe
configure:12409: checking how to hardcode library paths into programs
configure:12434: result: immediate
configure:12960: checking if libtool supports shared libraries
configure:12962: result: yes
configure:12965: checking whether to build shared libraries
configure:12985: result: no
configure:12988: checking whether to build static libraries
configure:12992: result: yes
configure:13002: checking for g77 option to produce PIC
configure:13212: result: 
configure:13283: checking if g77 static flag -static works
configure:13311: result: yes
configure:13321: checking if g77 supports -c -o file.o
configure:13342: g77 -c -g -O2 -o out/conftest2.o conftest.f >&5
configure:13346: $? = 0
configure:13368: result: yes
configure:13394: checking whether the g77 linker (/usr/i686-pc-cygwin/bin/ld.exe) supports shared libraries
configure:14330: result: yes
configure:14397: checking dynamic linker characteristics
configure:15006: result: Win32 ld.exe
configure:15015: checking how to hardcode library paths into programs
configure:15040: result: immediate
configure:18633: checking for stdlib.h
configure:18638: result: yes
configure:18642: checking time.h usability
configure:18654: gcc -c -I. -g -O2  conftest.c >&5
configure:18660: $? = 0
configure:18663: test -z 			 || test ! -s conftest.err
configure:18666: $? = 0
configure:18669: test -s conftest.o
configure:18672: $? = 0
configure:18682: result: yes
configure:18686: checking time.h presence
configure:18696: gcc -E  conftest.c
configure:18702: $? = 0
configure:18722: result: yes
configure:18757: checking for time.h
configure:18764: result: yes
configure:18792: checking math.h usability
configure:18804: gcc -c -I. -g -O2  conftest.c >&5
configure:18810: $? = 0
configure:18813: test -z 			 || test ! -s conftest.err
configure:18816: $? = 0
configure:18819: test -s conftest.o
configure:18822: $? = 0
configure:18832: result: yes
configure:18836: checking math.h presence
configure:18846: gcc -E  conftest.c
configure:18852: $? = 0
configure:18872: result: yes
configure:18907: checking for math.h
configure:18914: result: yes
configure:18931: checking for an ANSI C-conforming const
configure:18998: gcc -c -I. -g -O2  conftest.c >&5
configure:19004: $? = 0
configure:19007: test -z 			 || test ! -s conftest.err
configure:19010: $? = 0
configure:19013: test -s conftest.o
configure:19016: $? = 0
configure:19027: result: yes
configure:19037: checking for size_t
configure:19061: gcc -c -I. -g -O2  conftest.c >&5
configure:19067: $? = 0
configure:19070: test -z 			 || test ! -s conftest.err
configure:19073: $? = 0
configure:19076: test -s conftest.o
configure:19079: $? = 0
configure:19090: result: yes
configure:19109: checking for stdlib.h
configure:19114: result: yes
configure:19253: checking for GNU libc compatible realloc
configure:19282: gcc -o conftest.exe -I. -g -O2   -lm conftest.c  >&5
configure:19285: $? = 0
configure:19287: ./conftest.exe
configure:19290: $? = 0
configure:19304: result: yes
configure:19340: checking for bzero
configure:19397: gcc -o conftest.exe -I. -g -O2   -lm conftest.c  >&5
conftest.c:54:6: warning: conflicting types for built-in function 'bzero'
configure:19403: $? = 0
configure:19406: test -z 			 || test ! -s conftest.err
configure:19409: $? = 0
configure:19412: test -s conftest.exe
configure:19415: $? = 0
configure:19427: result: yes
configure:19443: checking for calloc
configure:19500: gcc -o conftest.exe -I. -g -O2   -lm conftest.c  >&5
conftest.c:55:6: warning: conflicting types for built-in function 'calloc'
configure:19506: $? = 0
configure:19509: test -z 			 || test ! -s conftest.err
configure:19512: $? = 0
configure:19515: test -s conftest.exe
configure:19518: $? = 0
configure:19530: result: yes
configure:19443: checking for floor
configure:19500: gcc -o conftest.exe -I. -g -O2   -lm conftest.c  >&5
conftest.c:56:6: warning: conflicting types for built-in function 'floor'
configure:19506: $? = 0
configure:19509: test -z 			 || test ! -s conftest.err
configure:19512: $? = 0
configure:19515: test -s conftest.exe
configure:19518: $? = 0
configure:19530: result: yes
configure:19636: checking for GMP >= 3.1.1
configure:19678: gcc -o conftest.exe -I. -g -O2    -lm conftest.c  -lgmp >&5
configure:19684: $? = 0
configure:19687: test -z 			 || test ! -s conftest.err
configure:19690: $? = 0
configure:19693: test -s conftest.exe
configure:19696: $? = 0
configure:19730: gcc -o conftest.exe -I. -g -O2    -lm conftest.c  -lgmp >&5
configure:19733: $? = 0
configure:19735: ./conftest.exe
configure:19738: $? = 0
configure:19741: result: found
configure:19752: checking whether GMP is 4.0 or greater
configure:19771: gcc -o conftest.exe -I. -g -O2    -lm conftest.c  -lgmp >&5
configure:19774: $? = 0
configure:19776: ./conftest.exe
configure:19779: $? = 0
configure:19782: result: yes
configure:19934: checking for ATLAS >= 3.0
configure:19974: gcc -o conftest.exe -I. -g -O2     -lm conftest.c  -lcblas -latlas -lgmp >&5
/usr/lib/gcc/i686-pc-cygwin/4.5.3/../../../../i686-pc-cygwin/bin/ld: cannot find -lcblas
/usr/lib/gcc/i686-pc-cygwin/4.5.3/../../../../i686-pc-cygwin/bin/ld: cannot find -latlas
collect2: ld returned 1 exit status
configure:19980: $? = 1
configure: failed program was:
| /* confdefs.h.  */
| 
| #define PACKAGE_NAME "IML"
| #define PACKAGE_TARNAME "iml"
| #define PACKAGE_VERSION "1.0.3"
| #define PACKAGE_STRING "IML 1.0.3"
| #define PACKAGE_BUGREPORT ""
| #define PACKAGE "iml"
| #define VERSION "1.0.3"
| #define STDC_HEADERS 1
| #define HAVE_SYS_TYPES_H 1
| #define HAVE_SYS_STAT_H 1
| #define HAVE_STDLIB_H 1
| #define HAVE_STRING_H 1
| #define HAVE_MEMORY_H 1
| #define HAVE_STRINGS_H 1
| #define HAVE_INTTYPES_H 1
| #define HAVE_STDINT_H 1
| #define HAVE_UNISTD_H 1
| #define HAVE_DLFCN_H 1
| #ifdef __cplusplus
| extern "C" void exit (int);
| #endif
| #define HAVE_STDLIB_H 1
| #define HAVE_TIME_H 1
| #define HAVE_MATH_H 1
| #define HAVE_STDLIB_H 1
| #define HAVE_REALLOC 1
| #define HAVE_BZERO 1
| #define HAVE_CALLOC 1
| #define HAVE_FLOOR 1
| #define HAVE_GMP 1
| /* end confdefs.h.  */
| #include <cblas.h>
| int
| main ()
| {
| double a;
|   ;
|   return 0;
| }
configure:20007: error: ATLAS not found!
ATLAS version 3.0 or greater is required for this library to compile. Please make sure ATLAS is installed and specify the header and libraries location with the options --with-atlas-include=<path> and --with-atlas-lib=<path> respectively when running configure.


## ---------------- ##
## Cache variables. ##
## ---------------- ##

ac_cv_build=i686-pc-cygwin
ac_cv_build_alias=i686-pc-cygwin
ac_cv_c_compiler_gnu=yes
ac_cv_c_const=yes
ac_cv_cxx_compiler_gnu=yes
ac_cv_env_CC_set=
ac_cv_env_CC_value=
ac_cv_env_CFLAGS_set=
ac_cv_env_CFLAGS_value=
ac_cv_env_CPPFLAGS_set=
ac_cv_env_CPPFLAGS_value=
ac_cv_env_CPP_set=
ac_cv_env_CPP_value=
ac_cv_env_CXXCPP_set=
ac_cv_env_CXXCPP_value=
ac_cv_env_CXXFLAGS_set=
ac_cv_env_CXXFLAGS_value=
ac_cv_env_CXX_set=
ac_cv_env_CXX_value=
ac_cv_env_F77_set=
ac_cv_env_F77_value=
ac_cv_env_FFLAGS_set=
ac_cv_env_FFLAGS_value=
ac_cv_env_LDFLAGS_set=
ac_cv_env_LDFLAGS_value=
ac_cv_env_build_alias_set=
ac_cv_env_build_alias_value=
ac_cv_env_host_alias_set=
ac_cv_env_host_alias_value=
ac_cv_env_target_alias_set=
ac_cv_env_target_alias_value=
ac_cv_exeext=.exe
ac_cv_f77_compiler_gnu=yes
ac_cv_func_bzero=yes
ac_cv_func_calloc=yes
ac_cv_func_floor=yes
ac_cv_func_realloc_0_nonnull=yes
ac_cv_header_dlfcn_h=yes
ac_cv_header_inttypes_h=yes
ac_cv_header_math_h=yes
ac_cv_header_memory_h=yes
ac_cv_header_stdc=yes
ac_cv_header_stdint_h=yes
ac_cv_header_stdlib_h=yes
ac_cv_header_string_h=yes
ac_cv_header_strings_h=yes
ac_cv_header_sys_stat_h=yes
ac_cv_header_sys_types_h=yes
ac_cv_header_time_h=yes
ac_cv_header_unistd_h=yes
ac_cv_host=i686-pc-cygwin
ac_cv_host_alias=i686-pc-cygwin
ac_cv_objext=o
ac_cv_path_install='/usr/bin/install -c'
ac_cv_prog_AWK=gawk
ac_cv_prog_CPP='gcc -E'
ac_cv_prog_CXXCPP='g++ -E'
ac_cv_prog_ac_ct_AR=ar
ac_cv_prog_ac_ct_CC=gcc
ac_cv_prog_ac_ct_CXX=g++
ac_cv_prog_ac_ct_F77=g77
ac_cv_prog_ac_ct_RANLIB=ranlib
ac_cv_prog_ac_ct_STRIP=strip
ac_cv_prog_cc_g=yes
ac_cv_prog_cc_stdc=
ac_cv_prog_cxx_g=yes
ac_cv_prog_egrep='grep -E'
ac_cv_prog_f77_g=yes
ac_cv_prog_make_make_set=yes
ac_cv_type_size_t=yes
am_cv_CC_dependencies_compiler_type=gcc3
am_cv_CXX_dependencies_compiler_type=gcc3
lt_cv_deplibs_check_method='file_magic ^x86 archive import|^x86 DLL'
lt_cv_file_magic_cmd=func_win32_libid
lt_cv_file_magic_test_file=
lt_cv_ld_reload_flag=-r
lt_cv_objdir=.libs
lt_cv_path_LD=/usr/i686-pc-cygwin/bin/ld.exe
lt_cv_path_LDCXX=/usr/i686-pc-cygwin/bin/ld.exe
lt_cv_path_NM='/usr/bin/nm -B'
lt_cv_path_SED=/usr/bin/sed
lt_cv_prog_compiler_c_o=yes
lt_cv_prog_compiler_c_o_CXX=yes
lt_cv_prog_compiler_c_o_F77=yes
lt_cv_prog_compiler_rtti_exceptions=no
lt_cv_prog_gnu_ld=yes
lt_cv_prog_gnu_ldcxx=yes
lt_cv_sys_global_symbol_pipe='sed -n -e '\''s/^.*[ 	]\([ABCDGIRSTW][ABCDGIRSTW]*\)[ 	][ 	]*_\([_A-Za-z][_A-Za-z0-9]*\)$/\1 _\2 \2/p'\'''
lt_cv_sys_global_symbol_to_c_name_address='sed -n -e '\''s/^: \([^ ]*\) $/  {\"\1\", (lt_ptr) 0},/p'\'' -e '\''s/^[BCDEGRST] \([^ ]*\) \([^ ]*\)$/  {"\2", (lt_ptr) \&\2},/p'\'''
lt_cv_sys_global_symbol_to_cdecl='sed -n -e '\''s/^. .* \(.*\)$/extern int \1;/p'\'''
lt_cv_sys_max_cmd_len=8192
lt_lt_cv_prog_compiler_c_o='"yes"'
lt_lt_cv_prog_compiler_c_o_CXX='"yes"'
lt_lt_cv_prog_compiler_c_o_F77='"yes"'
lt_lt_cv_sys_global_symbol_pipe='"sed -n -e '\''s/^.*[ 	]\\([ABCDGIRSTW][ABCDGIRSTW]*\\)[ 	][ 	]*_\\([_A-Za-z][_A-Za-z0-9]*\\)\$/\\1 _\\2 \\2/p'\''"'
lt_lt_cv_sys_global_symbol_to_c_name_address='"sed -n -e '\''s/^: \\([^ ]*\\) \$/  {\\\"\\1\\\", (lt_ptr) 0},/p'\'' -e '\''s/^[BCDEGRST] \\([^ ]*\\) \\([^ ]*\\)\$/  {\"\\2\", (lt_ptr) \\&\\2},/p'\''"'
lt_lt_cv_sys_global_symbol_to_cdecl='"sed -n -e '\''s/^. .* \\(.*\\)\$/extern int \\1;/p'\''"'

## ----------------- ##
## Output variables. ##
## ----------------- ##

ACLOCAL='${SHELL} /cygdrive/e/iml-1.0.3/iml-1.0.3/config/missing --run aclocal-1.9'
AMDEPBACKSLASH='\'
AMDEP_FALSE='#'
AMDEP_TRUE=''
AMTAR='${SHELL} /cygdrive/e/iml-1.0.3/iml-1.0.3/config/missing --run tar'
AR='ar'
ATLAS_CFLAGS=''
ATLAS_LIBS=''
AUTOCONF='${SHELL} /cygdrive/e/iml-1.0.3/iml-1.0.3/config/missing --run autoconf'
AUTOHEADER='${SHELL} /cygdrive/e/iml-1.0.3/iml-1.0.3/config/missing --run autoheader'
AUTOMAKE='${SHELL} /cygdrive/e/iml-1.0.3/iml-1.0.3/config/missing --run automake-1.9'
AWK='gawk'
CC='gcc'
CCDEPMODE='depmode=gcc3'
CFLAGS='-I. -g -O2  '
CPP='gcc -E'
CPPFLAGS=''
CXX='g++'
CXXCPP='g++ -E'
CXXDEPMODE='depmode=gcc3'
CXXFLAGS='-g -O2'
CYGPATH_W='cygpath -w'
DEFS=''
DEPDIR='.deps'
ECHO='echo'
ECHO_C=''
ECHO_N='-n'
ECHO_T=''
EGREP='grep -E'
EXEEXT='.exe'
F77='g77'
FFLAGS='-g -O2'
GMP_CFLAGS=''
GMP_LIBS='-lgmp'
GMP_VERSION=''
INSTALL_DATA='${INSTALL} -m 644'
INSTALL_PROGRAM='${INSTALL}'
INSTALL_SCRIPT='${INSTALL}'
INSTALL_STRIP_PROGRAM='${SHELL} $(install_sh) -c -s'
LDFLAGS=' -lm'
LIBOBJS=''
LIBS=' -lcblas -latlas -lgmp'
LIBTOOL='$(SHELL) $(top_builddir)/libtool'
LN_S='ln -s'
LTLIBOBJS=''
MAKEINFO='${SHELL} /cygdrive/e/iml-1.0.3/iml-1.0.3/config/missing --run makeinfo'
OBJEXT='o'
PACKAGE='iml'
PACKAGE_BUGREPORT=''
PACKAGE_NAME='IML'
PACKAGE_STRING='IML 1.0.3'
PACKAGE_TARNAME='iml'
PACKAGE_VERSION='1.0.3'
PATH_SEPARATOR=':'
RANLIB='ranlib'
SET_MAKE=''
SHELL='/bin/sh'
STRIP='strip'
VERSION='1.0.3'
ac_aux_dir='config'
ac_ct_AR='ar'
ac_ct_CC='gcc'
ac_ct_CXX='g++'
ac_ct_F77='g77'
ac_ct_RANLIB='ranlib'
ac_ct_STRIP='strip'
am__fastdepCC_FALSE='#'
am__fastdepCC_TRUE=''
am__fastdepCXX_FALSE='#'
am__fastdepCXX_TRUE=''
am__include='include'
am__leading_dot='.'
am__quote=''
am__tar='${AMTAR} chof - "$$tardir"'
am__untar='${AMTAR} xf -'
bindir='${exec_prefix}/bin'
build='i686-pc-cygwin'
build_alias=''
build_cpu='i686'
build_os='cygwin'
build_vendor='pc'
datadir='${prefix}/share'
exec_prefix='NONE'
host='i686-pc-cygwin'
host_alias=''
host_cpu='i686'
host_os='cygwin'
host_vendor='pc'
includedir='${prefix}/include'
infodir='${prefix}/info'
install_sh='/cygdrive/e/iml-1.0.3/iml-1.0.3/config/install-sh'
libdir='${exec_prefix}/lib'
libexecdir='${exec_prefix}/libexec'
localstatedir='${prefix}/var'
mandir='${prefix}/man'
mkdir_p='mkdir -p --'
oldincludedir='/usr/include'
prefix='NONE'
program_transform_name='s,x,x,'
sbindir='${exec_prefix}/sbin'
sharedstatedir='${prefix}/com'
sysconfdir='${prefix}/etc'
target_alias=''

## ----------- ##
## confdefs.h. ##
## ----------- ##

#define HAVE_BZERO 1
#define HAVE_CALLOC 1
#define HAVE_DLFCN_H 1
#define HAVE_FLOOR 1
#define HAVE_GMP 1
#define HAVE_INTTYPES_H 1
#define HAVE_MATH_H 1
#define HAVE_MEMORY_H 1
#define HAVE_REALLOC 1
#define HAVE_STDINT_H 1
#define HAVE_STDLIB_H 1
#define HAVE_STDLIB_H 1
#define HAVE_STDLIB_H 1
#define HAVE_STRINGS_H 1
#define HAVE_STRING_H 1
#define HAVE_SYS_STAT_H 1
#define HAVE_SYS_TYPES_H 1
#define HAVE_TIME_H 1
#define HAVE_UNISTD_H 1
#define PACKAGE "iml"
#define PACKAGE_BUGREPORT ""
#define PACKAGE_NAME "IML"
#define PACKAGE_STRING "IML 1.0.3"
#define PACKAGE_TARNAME "iml"
#define PACKAGE_VERSION "1.0.3"
#define STDC_HEADERS 1
#define VERSION "1.0.3"
#endif
#ifdef __cplusplus
extern "C" void exit (int);

configure: exit 1
